2023-07-07 17:09:23.894 [,] [main] INFO  com.aiyangniu.mall.enter.App - Starting App using Java 1.8.0_251 on DESKTOP-FH1HDRM with PID 5728 (D:\workspace-learning1\mall-learning\mall-enter\target\classes started by 刘志奇 in D:\workspace-learning1\mall-learning)
2023-07-07 17:09:23.894 [,] [background-preinit] INFO  org.hibernate.validator.internal.util.Version - HV000001: Hibernate Validator 6.2.5.Final
2023-07-07 17:09:23.900 [,] [main] DEBUG com.aiyangniu.mall.enter.App - Running with Spring Boot v2.7.5, Spring v5.3.23
2023-07-07 17:09:23.901 [,] [main] INFO  com.aiyangniu.mall.enter.App - The following 1 profile is active: "dev"
2023-07-07 17:09:28.243 [,] [main] INFO  o.s.d.r.config.RepositoryConfigurationDelegate - Multiple Spring Data modules found, entering strict repository configuration mode
2023-07-07 17:09:28.248 [,] [main] INFO  o.s.d.r.config.RepositoryConfigurationDelegate - Bootstrapping Spring Data Elasticsearch repositories in DEFAULT mode.
2023-07-07 17:09:28.408 [,] [main] INFO  o.s.d.r.c.RepositoryConfigurationExtensionSupport - Spring Data Elasticsearch - Could not safely identify store assignment for repository candidate interface com.aiyangniu.mall.enter.repository.MemberAttentionRepository; If you want this repository to be a Elasticsearch repository, consider annotating your entities with one of these annotations: org.springframework.data.elasticsearch.annotations.Document (preferred), or consider extending one of the following types with your repository: org.springframework.data.elasticsearch.repository.ElasticsearchRepository, org.springframework.data.elasticsearch.repository.ElasticsearchRepository
2023-07-07 17:09:28.411 [,] [main] INFO  o.s.d.r.c.RepositoryConfigurationExtensionSupport - Spring Data Elasticsearch - Could not safely identify store assignment for repository candidate interface com.aiyangniu.mall.enter.repository.MemberCollectionRepository; If you want this repository to be a Elasticsearch repository, consider annotating your entities with one of these annotations: org.springframework.data.elasticsearch.annotations.Document (preferred), or consider extending one of the following types with your repository: org.springframework.data.elasticsearch.repository.ElasticsearchRepository, org.springframework.data.elasticsearch.repository.ElasticsearchRepository
2023-07-07 17:09:28.413 [,] [main] INFO  o.s.d.r.c.RepositoryConfigurationExtensionSupport - Spring Data Elasticsearch - Could not safely identify store assignment for repository candidate interface com.aiyangniu.mall.enter.repository.MemberReadHistoryRepository; If you want this repository to be a Elasticsearch repository, consider annotating your entities with one of these annotations: org.springframework.data.elasticsearch.annotations.Document (preferred), or consider extending one of the following types with your repository: org.springframework.data.elasticsearch.repository.ElasticsearchRepository, org.springframework.data.elasticsearch.repository.ElasticsearchRepository
2023-07-07 17:09:28.484 [,] [main] INFO  o.s.d.r.config.RepositoryConfigurationDelegate - Finished Spring Data repository scanning in 224 ms. Found 1 Elasticsearch repository interfaces.
2023-07-07 17:09:28.498 [,] [main] INFO  o.s.d.r.config.RepositoryConfigurationDelegate - Multiple Spring Data modules found, entering strict repository configuration mode
2023-07-07 17:09:28.500 [,] [main] INFO  o.s.d.r.config.RepositoryConfigurationDelegate - Bootstrapping Spring Data Reactive Elasticsearch repositories in DEFAULT mode.
2023-07-07 17:09:28.527 [,] [main] INFO  o.s.d.r.c.RepositoryConfigurationExtensionSupport - Spring Data Reactive Elasticsearch - Could not safely identify store assignment for repository candidate interface com.aiyangniu.mall.enter.repository.MemberAttentionRepository; If you want this repository to be a Reactive Elasticsearch repository, consider annotating your entities with one of these annotations: org.springframework.data.elasticsearch.annotations.Document (preferred), or consider extending one of the following types with your repository: org.springframework.data.elasticsearch.repository.ReactiveElasticsearchRepository
2023-07-07 17:09:28.528 [,] [main] INFO  o.s.d.r.c.RepositoryConfigurationExtensionSupport - Spring Data Reactive Elasticsearch - Could not safely identify store assignment for repository candidate interface com.aiyangniu.mall.enter.repository.MemberCollectionRepository; If you want this repository to be a Reactive Elasticsearch repository, consider annotating your entities with one of these annotations: org.springframework.data.elasticsearch.annotations.Document (preferred), or consider extending one of the following types with your repository: org.springframework.data.elasticsearch.repository.ReactiveElasticsearchRepository
2023-07-07 17:09:28.529 [,] [main] INFO  o.s.d.r.c.RepositoryConfigurationExtensionSupport - Spring Data Reactive Elasticsearch - Could not safely identify store assignment for repository candidate interface com.aiyangniu.mall.enter.repository.MemberReadHistoryRepository; If you want this repository to be a Reactive Elasticsearch repository, consider annotating your entities with one of these annotations: org.springframework.data.elasticsearch.annotations.Document (preferred), or consider extending one of the following types with your repository: org.springframework.data.elasticsearch.repository.ReactiveElasticsearchRepository
2023-07-07 17:09:28.529 [,] [main] INFO  o.s.d.r.config.RepositoryConfigurationDelegate - Finished Spring Data repository scanning in 28 ms. Found 0 Reactive Elasticsearch repository interfaces.
2023-07-07 17:09:28.542 [,] [main] INFO  o.s.d.r.config.RepositoryConfigurationDelegate - Multiple Spring Data modules found, entering strict repository configuration mode
2023-07-07 17:09:28.543 [,] [main] INFO  o.s.d.r.config.RepositoryConfigurationDelegate - Bootstrapping Spring Data MongoDB repositories in DEFAULT mode.
2023-07-07 17:09:28.565 [,] [main] INFO  o.s.d.r.c.RepositoryConfigurationExtensionSupport - Spring Data MongoDB - Could not safely identify store assignment for repository candidate interface com.aiyangniu.mall.enter.repository.EsProductRepository; If you want this repository to be a MongoDB repository, consider annotating your entities with one of these annotations: org.springframework.data.mongodb.core.mapping.Document (preferred), or consider extending one of the following types with your repository: org.springframework.data.mongodb.repository.MongoRepository
2023-07-07 17:09:28.599 [,] [main] INFO  o.s.d.r.config.RepositoryConfigurationDelegate - Finished Spring Data repository scanning in 55 ms. Found 3 MongoDB repository interfaces.
2023-07-07 17:09:28.635 [,] [main] INFO  o.s.d.r.config.RepositoryConfigurationDelegate - Multiple Spring Data modules found, entering strict repository configuration mode
2023-07-07 17:09:28.638 [,] [main] INFO  o.s.d.r.config.RepositoryConfigurationDelegate - Bootstrapping Spring Data Redis repositories in DEFAULT mode.
2023-07-07 17:09:28.684 [,] [main] INFO  o.s.d.r.c.RepositoryConfigurationExtensionSupport - Spring Data Redis - Could not safely identify store assignment for repository candidate interface com.aiyangniu.mall.enter.repository.EsProductRepository; If you want this repository to be a Redis repository, consider annotating your entities with one of these annotations: org.springframework.data.redis.core.RedisHash (preferred), or consider extending one of the following types with your repository: org.springframework.data.keyvalue.repository.KeyValueRepository
2023-07-07 17:09:28.685 [,] [main] INFO  o.s.d.r.c.RepositoryConfigurationExtensionSupport - Spring Data Redis - Could not safely identify store assignment for repository candidate interface com.aiyangniu.mall.enter.repository.MemberAttentionRepository; If you want this repository to be a Redis repository, consider annotating your entities with one of these annotations: org.springframework.data.redis.core.RedisHash (preferred), or consider extending one of the following types with your repository: org.springframework.data.keyvalue.repository.KeyValueRepository
2023-07-07 17:09:28.686 [,] [main] INFO  o.s.d.r.c.RepositoryConfigurationExtensionSupport - Spring Data Redis - Could not safely identify store assignment for repository candidate interface com.aiyangniu.mall.enter.repository.MemberCollectionRepository; If you want this repository to be a Redis repository, consider annotating your entities with one of these annotations: org.springframework.data.redis.core.RedisHash (preferred), or consider extending one of the following types with your repository: org.springframework.data.keyvalue.repository.KeyValueRepository
2023-07-07 17:09:28.688 [,] [main] INFO  o.s.d.r.c.RepositoryConfigurationExtensionSupport - Spring Data Redis - Could not safely identify store assignment for repository candidate interface com.aiyangniu.mall.enter.repository.MemberReadHistoryRepository; If you want this repository to be a Redis repository, consider annotating your entities with one of these annotations: org.springframework.data.redis.core.RedisHash (preferred), or consider extending one of the following types with your repository: org.springframework.data.keyvalue.repository.KeyValueRepository
2023-07-07 17:09:28.688 [,] [main] INFO  o.s.d.r.config.RepositoryConfigurationDelegate - Finished Spring Data repository scanning in 29 ms. Found 0 Redis repository interfaces.
2023-07-07 17:09:30.272 [,] [main] INFO  o.s.c.s.PostProcessorRegistrationDelegate$BeanPostProcessorChecker - Bean 'swaggerConfig' of type [com.aiyangniu.mall.enter.config.SwaggerConfig$$EnhancerBySpringCGLIB$$9c60942f] is not eligible for getting processed by all BeanPostProcessors (for example: not eligible for auto-proxying)
2023-07-07 17:09:30.984 [,] [main] INFO  o.s.boot.web.embedded.tomcat.TomcatWebServer - Tomcat initialized with port(s): 9999 (http)
2023-07-07 17:09:31.007 [,] [main] INFO  org.apache.coyote.http11.Http11NioProtocol - Initializing ProtocolHandler ["http-nio-9999"]
2023-07-07 17:09:31.008 [,] [main] INFO  org.apache.catalina.core.StandardService - Starting service [Tomcat]
2023-07-07 17:09:31.009 [,] [main] INFO  org.apache.catalina.core.StandardEngine - Starting Servlet engine: [Apache Tomcat/9.0.68]
2023-07-07 17:09:31.385 [,] [main] INFO  o.a.c.core.ContainerBase.[Tomcat].[localhost].[/] - Initializing Spring embedded WebApplicationContext
2023-07-07 17:09:31.385 [,] [main] INFO  o.s.b.w.s.c.ServletWebServerApplicationContext - Root WebApplicationContext: initialization completed in 7190 ms
2023-07-07 17:09:31.659 [,] [main] INFO  c.a.d.s.b.a.DruidDataSourceAutoConfigure - Init DruidDataSource
2023-07-07 17:09:32.335 [,] [main] INFO  com.alibaba.druid.pool.DruidDataSource - {dataSource-1} inited
2023-07-07 17:09:35.444 [,] [main] WARN  c.b.mybatisplus.core.injector.AbstractMethod - [com.aiyangniu.mall.enter.mapper.UmsAdminRoleRelationMapper.deleteById] Has been loaded by XML or SqlProvider or Mybatis's Annotation, so ignoring this injection for [class com.baomidou.mybatisplus.core.injector.methods.DeleteById]
2023-07-07 17:09:37.723 [,] [main] WARN  c.a.mall.security.component.DynamicSecurityFilter - Could not validate configuration attributes as the SecurityMetadataSource did not return any attributes from getAllConfigAttributes()
2023-07-07 17:09:37.839 [,] [main] DEBUG c.a.m.s.component.JwtAuthenticationTokenFilter - Filter 'jwtAuthenticationTokenFilter' configured for use
2023-07-07 17:09:42.674 [,] [main] INFO  org.mongodb.driver.client - MongoClient with metadata {"driver": {"name": "mongo-java-driver|sync|spring-boot", "version": "4.6.1"}, "os": {"type": "Windows", "name": "Windows 10", "architecture": "amd64", "version": "10.0"}, "platform": "Java/Oracle Corporation/1.8.0_251-b08"} created with settings MongoClientSettings{readPreference=primary, writeConcern=WriteConcern{w=null, wTimeout=null ms, journal=null}, retryWrites=true, retryReads=true, readConcern=ReadConcern{level=null}, credential=null, streamFactoryFactory=null, commandListeners=[io.micrometer.core.instrument.binder.mongodb.MongoMetricsCommandListener@79392584], codecRegistry=ProvidersCodecRegistry{codecProviders=[ValueCodecProvider{}, BsonValueCodecProvider{}, DBRefCodecProvider{}, DBObjectCodecProvider{}, DocumentCodecProvider{}, IterableCodecProvider{}, MapCodecProvider{}, GeoJsonCodecProvider{}, GridFSFileCodecProvider{}, Jsr310CodecProvider{}, JsonObjectCodecProvider{}, BsonCodecProvider{}, EnumCodecProvider{}, com.mongodb.Jep395RecordCodecProvider@19412eef]}, clusterSettings={hosts=[localhost:27017], srvServiceName=mongodb, mode=SINGLE, requiredClusterType=UNKNOWN, requiredReplicaSetName='null', serverSelector='null', clusterListeners='[]', serverSelectionTimeout='30000 ms', localThreshold='30000 ms'}, socketSettings=SocketSettings{connectTimeoutMS=10000, readTimeoutMS=0, receiveBufferSize=0, sendBufferSize=0}, heartbeatSocketSettings=SocketSettings{connectTimeoutMS=10000, readTimeoutMS=10000, receiveBufferSize=0, sendBufferSize=0}, connectionPoolSettings=ConnectionPoolSettings{maxSize=100, minSize=0, maxWaitTimeMS=120000, maxConnectionLifeTimeMS=0, maxConnectionIdleTimeMS=0, maintenanceInitialDelayMS=0, maintenanceFrequencyMS=60000, connectionPoolListeners=[io.micrometer.core.instrument.binder.mongodb.MongoMetricsConnectionPoolListener@11df0bc7], maxConnecting=2}, serverSettings=ServerSettings{heartbeatFrequencyMS=10000, minHeartbeatFrequencyMS=500, serverListeners='[]', serverMonitorListeners='[]'}, sslSettings=SslSettings{enabled=false, invalidHostNameAllowed=false, context=null}, applicationName='null', compressorList=[], uuidRepresentation=JAVA_LEGACY, serverApi=null, autoEncryptionSettings=null, contextProvider=null}
2023-07-07 17:09:42.693 [,] [cluster-rtt-ClusterId{value='64a7d6560fbee514fd2075b2', description='null'}-localhost:27017] INFO  org.mongodb.driver.connection - Opened connection [connectionId{localValue:2, serverValue:7}] to localhost:27017
2023-07-07 17:09:42.693 [,] [cluster-ClusterId{value='64a7d6560fbee514fd2075b2', description='null'}-localhost:27017] INFO  org.mongodb.driver.connection - Opened connection [connectionId{localValue:1, serverValue:8}] to localhost:27017
2023-07-07 17:09:42.694 [,] [cluster-ClusterId{value='64a7d6560fbee514fd2075b2', description='null'}-localhost:27017] INFO  org.mongodb.driver.cluster - Monitor thread successfully connected to server with description ServerDescription{address=localhost:27017, type=STANDALONE, state=CONNECTED, ok=true, minWireVersion=0, maxWireVersion=4, maxDocumentSize=16777216, logicalSessionTimeoutMinutes=null, roundTripTimeNanos=54653600}
2023-07-07 17:09:42.886 [,] [main] WARN  org.springframework.data.convert.CustomConversions - Registering converter from class java.time.LocalDateTime to class org.joda.time.LocalDateTime as reading converter although it doesn't convert from a store-supported type; You might want to check your annotation setup at the converter implementation
2023-07-07 17:09:43.044 [,] [main] WARN  org.springframework.data.convert.CustomConversions - Registering converter from class java.time.LocalDateTime to class org.joda.time.LocalDateTime as reading converter although it doesn't convert from a store-supported type; You might want to check your annotation setup at the converter implementation
2023-07-07 17:09:48.817 [,] [main] INFO  o.s.b.actuate.endpoint.web.EndpointLinksResolver - Exposing 1 endpoint(s) beneath base path '/actuator'
2023-07-07 17:09:49.030 [,] [main] INFO  org.flywaydb.core.internal.util.VersionPrinter - Flyway 4.1.2 by Boxfuse
2023-07-07 17:09:49.039 [,] [main] INFO  o.f.core.internal.dbsupport.DbSupportFactory - Database: jdbc:mysql://localhost:3306/mall?characterEncoding=utf-8&useSSL=false&serverTimezone=Asia/Shanghai (MySQL 5.7)
2023-07-07 17:09:49.487 [,] [main] INFO  org.flywaydb.core.internal.command.DbValidate - Successfully validated 5 migrations (execution time 00:00.289s)
2023-07-07 17:09:49.525 [,] [main] INFO  org.flywaydb.core.internal.command.DbMigrate - Current version of schema `mall`: 1.2.1
2023-07-07 17:09:49.527 [,] [main] INFO  org.flywaydb.core.internal.command.DbMigrate - Schema `mall` is up to date. No migration necessary.
2023-07-07 17:09:50.225 [,] [main] INFO  o.s.security.web.DefaultSecurityFilterChain - Will secure any request with [org.springframework.security.web.session.DisableEncodeUrlFilter@71bebddf, org.springframework.security.web.context.request.async.WebAsyncManagerIntegrationFilter@7c1f435a, org.springframework.security.web.context.SecurityContextPersistenceFilter@30926583, org.springframework.security.web.header.HeaderWriterFilter@9b87a98, org.springframework.security.web.authentication.logout.LogoutFilter@2662997a, com.aiyangniu.mall.security.component.JwtAuthenticationTokenFilter@21948bd1, org.springframework.security.web.savedrequest.RequestCacheAwareFilter@605a10fd, org.springframework.security.web.servletapi.SecurityContextHolderAwareRequestFilter@16acf986, org.springframework.security.web.authentication.AnonymousAuthenticationFilter@123e87cd, org.springframework.security.web.session.SessionManagementFilter@4f755506, org.springframework.security.web.access.ExceptionTranslationFilter@6809a461, com.aiyangniu.mall.security.component.DynamicSecurityFilter@5186b78a, org.springframework.security.web.access.intercept.FilterSecurityInterceptor@6508e82]
2023-07-07 17:09:52.314 [,] [main] INFO  org.apache.coyote.http11.Http11NioProtocol - Starting ProtocolHandler ["http-nio-9999"]
2023-07-07 17:09:52.341 [,] [main] INFO  o.s.boot.web.embedded.tomcat.TomcatWebServer - Tomcat started on port(s): 9999 (http) with context path ''
2023-07-07 17:09:52.922 [,] [main] WARN  s.d.s.r.operation.OperationImplicitParameterReader - Unable to interpret the implicit parameter configuration with dataType: integer, dataTypeClass: class java.lang.Void
2023-07-07 17:09:54.473 [,] [main] WARN  s.d.s.r.operation.OperationImplicitParameterReader - Unable to interpret the implicit parameter configuration with dataType: int, dataTypeClass: class java.lang.Void
2023-07-07 17:09:55.104 [,] [main] WARN  s.d.s.r.operation.OperationImplicitParameterReader - Unable to interpret the implicit parameter configuration with dataType: Integer, dataTypeClass: class java.lang.Void
2023-07-07 17:09:55.106 [,] [main] WARN  s.d.s.r.operation.OperationImplicitParameterReader - Unable to interpret the implicit parameter configuration with dataType: Integer, dataTypeClass: class java.lang.Void
2023-07-07 17:09:55.124 [,] [main] WARN  s.d.s.r.operation.OperationImplicitParameterReader - Unable to interpret the implicit parameter configuration with dataType: Integer, dataTypeClass: class java.lang.Void
2023-07-07 17:09:55.126 [,] [main] WARN  s.d.s.r.operation.OperationImplicitParameterReader - Unable to interpret the implicit parameter configuration with dataType: Integer, dataTypeClass: class java.lang.Void
2023-07-07 17:09:55.138 [,] [main] WARN  s.d.s.r.operation.OperationImplicitParameterReader - Unable to interpret the implicit parameter configuration with dataType: Integer, dataTypeClass: class java.lang.Void
2023-07-07 17:09:55.139 [,] [main] WARN  s.d.builders.BodyParameterSpecificationProvider - Parameter should either be a simple or a content type
2023-07-07 17:09:55.141 [,] [main] WARN  s.d.s.r.operation.OperationImplicitParameterReader - Unable to interpret the implicit parameter configuration with dataType: Integer, dataTypeClass: class java.lang.Void
2023-07-07 17:09:55.142 [,] [main] WARN  s.d.builders.BodyParameterSpecificationProvider - Parameter should either be a simple or a content type
2023-07-07 17:09:55.739 [,] [main] WARN  s.d.s.r.operation.OperationImplicitParameterReader - Unable to interpret the implicit parameter configuration with dataType: integer, dataTypeClass: class java.lang.Void
2023-07-07 17:09:57.093 [,] [main] WARN  s.d.s.r.operation.OperationImplicitParameterReader - Unable to interpret the implicit parameter configuration with dataType: integer, dataTypeClass: class java.lang.Void
2023-07-07 17:09:57.107 [,] [main] WARN  s.d.s.r.operation.OperationImplicitParameterReader - Unable to interpret the implicit parameter configuration with dataType: integer, dataTypeClass: class java.lang.Void
2023-07-07 17:09:57.128 [,] [main] WARN  s.d.s.r.operation.OperationImplicitParameterReader - Unable to interpret the implicit parameter configuration with dataType: integer, dataTypeClass: class java.lang.Void
2023-07-07 17:09:57.380 [,] [main] INFO  o.s.a.rabbit.connection.CachingConnectionFactory - Attempting to connect to: [localhost:5672]
2023-07-07 17:09:57.539 [,] [main] INFO  o.s.a.rabbit.connection.CachingConnectionFactory - Created new connection: rabbitConnectionFactory#ecb8b3e:0/SimpleConnection@19640d53 [delegate=amqp://mall@127.0.0.1:5672//mall, localPort= 3530]
2023-07-07 17:09:57.947 [,] [main] INFO  com.aiyangniu.mall.enter.App - Started App in 35.338 seconds (JVM running for 39.834)
2023-07-07 17:09:57.974 [,] [main] INFO  com.aiyangniu.mall.enter.App - 
	-----------------------------------
	'mall-enter' 运行成功！ 端口号：9999
2023-07-07 17:09:58.519 [,] [RMI TCP Connection(3)-192.168.146.127] INFO  o.a.c.core.ContainerBase.[Tomcat].[localhost].[/] - Initializing Spring DispatcherServlet 'dispatcherServlet'
2023-07-07 17:09:58.519 [,] [RMI TCP Connection(3)-192.168.146.127] INFO  org.springframework.web.servlet.DispatcherServlet - Initializing Servlet 'dispatcherServlet'
2023-07-07 17:09:58.524 [,] [RMI TCP Connection(3)-192.168.146.127] INFO  org.springframework.web.servlet.DispatcherServlet - Completed initialization in 5 ms
2023-07-07 17:09:58.700 [,] [RMI TCP Connection(4)-192.168.146.127] INFO  org.mongodb.driver.connection - Opened connection [connectionId{localValue:3, serverValue:9}] to localhost:27017
2023-07-07 17:10:19.039 [,] [org.springframework.amqp.rabbit.RabbitListenerEndpointContainer#0-2] INFO  o.s.a.r.listener.SimpleMessageListenerContainer - Waiting for workers to finish.
2023-07-07 17:10:19.064 [,] [org.springframework.amqp.rabbit.RabbitListenerEndpointContainer#0-2] INFO  o.s.a.r.listener.SimpleMessageListenerContainer - Successfully waited for workers to finish.
